<?xml version="1.0" encoding="UTF-8"?>
<!-- Generated by org.testng.reporters.JUnitReportReporter -->
<testsuite hostname="DESKTOP-838J0I7" failures="0" tests="1" name="com.trello.qa.testcases.HomePageTest" time="32.439" errors="0" timestamp="2022-08-05T13:22:21 CEST" skipped="0">
  <testcase classname="com.trello.qa.testcases.HomePageTest" name="addNewBoard" time="32.439"/>
  <system-out/>
</testsuite> <!-- com.trello.qa.testcases.HomePageTest -->
