<?xml version="1.0" encoding="UTF-8"?>
<!-- Generated by org.testng.reporters.JUnitReportReporter -->
<testsuite hostname="DESKTOP-838J0I7" failures="0" tests="3" name="com.trello.qa.testcases.LoginPageTest" time="24.920" errors="0" timestamp="2022-08-05T13:22:21 CEST" skipped="0">
  <testcase classname="com.trello.qa.testcases.LoginPageTest" name="loginPageTitleVerification" time="5.914"/>
  <system-out/>
  <testcase classname="com.trello.qa.testcases.LoginPageTest" name="logoVerification" time="5.145"/>
  <system-out/>
  <testcase classname="com.trello.qa.testcases.LoginPageTest" name="loginVerification" time="13.861"/>
  <system-out/>
</testsuite> <!-- com.trello.qa.testcases.LoginPageTest -->
