<?xml version="1.0" encoding="UTF-8"?>
<!-- Generated by org.testng.reporters.JUnitReportReporter -->
<testsuite hostname="DESKTOP-838J0I7" failures="0" tests="1" name="com.trello.qa.testcases.BoardPageTest" time="39.377" errors="0" timestamp="2022-08-05T13:22:21 CEST" skipped="0">
  <testcase classname="com.trello.qa.testcases.BoardPageTest" name="createCard" time="39.377"/>
  <system-out/>
</testsuite> <!-- com.trello.qa.testcases.BoardPageTest -->
